2022-05-12 10:33:30.962  INFO 8556 --- [main] com.spring.elk.ElkApplication            : Starting ElkApplication using Java 11.0.10 on 1608nb with PID 8556 (C:\Users\P1608\Desktop\Projects\SpringBootProjects\elk\target\classes started by P1608 in C:\Users\P1608\Desktop\Projects\SpringBootProjects\elk)
2022-05-12 10:33:30.971  INFO 8556 --- [main] com.spring.elk.ElkApplication            : No active profile set, falling back to 1 default profile: "default"
2022-05-12 10:33:32.131  INFO 8556 --- [main] o.s.b.w.embedded.tomcat.TomcatWebServer  : Tomcat initialized with port(s): 8080 (http)
2022-05-12 10:33:32.143  INFO 8556 --- [main] o.apache.catalina.core.StandardService   : Starting service [Tomcat]
2022-05-12 10:33:32.144  INFO 8556 --- [main] org.apache.catalina.core.StandardEngine  : Starting Servlet engine: [Apache Tomcat/9.0.62]
2022-05-12 10:33:32.336  INFO 8556 --- [main] o.a.c.c.C.[Tomcat].[localhost].[/api]    : Initializing Spring embedded WebApplicationContext
2022-05-12 10:33:32.337  INFO 8556 --- [main] w.s.c.ServletWebServerApplicationContext : Root WebApplicationContext: initialization completed in 1270 ms
2022-05-12 10:33:32.702  INFO 8556 --- [main] o.s.b.w.embedded.tomcat.TomcatWebServer  : Tomcat started on port(s): 8080 (http) with context path '/api'
2022-05-12 10:33:32.716  INFO 8556 --- [main] com.spring.elk.ElkApplication            : Started ElkApplication in 2.345 seconds (JVM running for 5.07)
2022-05-12 10:33:38.469  INFO 8556 --- [http-nio-8080-exec-1] o.a.c.c.C.[Tomcat].[localhost].[/api]    : Initializing Spring DispatcherServlet 'dispatcherServlet'
2022-05-12 10:33:38.471  INFO 8556 --- [http-nio-8080-exec-1] o.s.web.servlet.DispatcherServlet        : Initializing Servlet 'dispatcherServlet'
2022-05-12 10:33:38.472  INFO 8556 --- [http-nio-8080-exec-1] o.s.web.servlet.DispatcherServlet        : Completed initialization in 1 ms
2022-05-12 10:34:46.326  INFO 16584 --- [main] com.spring.elk.ElkApplication            : Starting ElkApplication using Java 11.0.10 on 1608nb with PID 16584 (C:\Users\P1608\Desktop\Projects\SpringBootProjects\elk\target\classes started by P1608 in C:\Users\P1608\Desktop\Projects\SpringBootProjects\elk)
2022-05-12 10:34:46.331  INFO 16584 --- [main] com.spring.elk.ElkApplication            : No active profile set, falling back to 1 default profile: "default"
2022-05-12 10:34:47.151  INFO 16584 --- [main] o.s.b.w.embedded.tomcat.TomcatWebServer  : Tomcat initialized with port(s): 8080 (http)
2022-05-12 10:34:47.159  INFO 16584 --- [main] o.apache.catalina.core.StandardService   : Starting service [Tomcat]
2022-05-12 10:34:47.160  INFO 16584 --- [main] org.apache.catalina.core.StandardEngine  : Starting Servlet engine: [Apache Tomcat/9.0.62]
2022-05-12 10:34:47.272  INFO 16584 --- [main] o.a.c.c.C.[Tomcat].[localhost].[/api]    : Initializing Spring embedded WebApplicationContext
2022-05-12 10:34:47.272  INFO 16584 --- [main] w.s.c.ServletWebServerApplicationContext : Root WebApplicationContext: initialization completed in 896 ms
2022-05-12 10:34:47.552  INFO 16584 --- [main] o.s.b.w.embedded.tomcat.TomcatWebServer  : Tomcat started on port(s): 8080 (http) with context path '/api'
2022-05-12 10:34:47.561  INFO 16584 --- [main] com.spring.elk.ElkApplication            : Started ElkApplication in 1.714 seconds (JVM running for 4.921)
2022-05-12 10:35:06.291  INFO 16584 --- [http-nio-8080-exec-1] o.a.c.c.C.[Tomcat].[localhost].[/api]    : Initializing Spring DispatcherServlet 'dispatcherServlet'
2022-05-12 10:35:06.293  INFO 16584 --- [http-nio-8080-exec-1] o.s.web.servlet.DispatcherServlet        : Initializing Servlet 'dispatcherServlet'
2022-05-12 10:35:06.294  INFO 16584 --- [http-nio-8080-exec-1] o.s.web.servlet.DispatcherServlet        : Completed initialization in 0 ms
2022-05-12 10:35:06.312  INFO 16584 --- [http-nio-8080-exec-1] com.spring.elk.controller.LogController  : /api/log method logging
2022-05-12 07:38:17.818  INFO 1 --- [main] com.spring.elk.ElkApplication            : Starting ElkApplication v0.0.1-SNAPSHOT using Java 11.0.15 on 111a043c9581 with PID 1 (/home/app.jar started by root in /)
2022-05-12 07:38:17.851  INFO 1 --- [main] com.spring.elk.ElkApplication            : No active profile set, falling back to 1 default profile: "default"
2022-05-12 07:38:22.025  INFO 1 --- [main] o.s.b.w.embedded.tomcat.TomcatWebServer  : Tomcat initialized with port(s): 8080 (http)
2022-05-12 07:38:22.072  INFO 1 --- [main] o.apache.catalina.core.StandardService   : Starting service [Tomcat]
2022-05-12 07:38:22.090  INFO 1 --- [main] org.apache.catalina.core.StandardEngine  : Starting Servlet engine: [Apache Tomcat/9.0.62]
2022-05-12 07:38:22.536  INFO 1 --- [main] o.a.c.c.C.[Tomcat].[localhost].[/api]    : Initializing Spring embedded WebApplicationContext
2022-05-12 07:38:22.550  INFO 1 --- [main] w.s.c.ServletWebServerApplicationContext : Root WebApplicationContext: initialization completed in 4137 ms
2022-05-12 07:38:24.467  INFO 1 --- [main] o.s.b.w.embedded.tomcat.TomcatWebServer  : Tomcat started on port(s): 8080 (http) with context path '/api'
2022-05-12 07:38:24.525  INFO 1 --- [main] com.spring.elk.ElkApplication            : Started ElkApplication in 9.024 seconds (JVM running for 11.46)
2022-05-12 07:39:52.674  INFO 1 --- [http-nio-8080-exec-1] o.a.c.c.C.[Tomcat].[localhost].[/api]    : Initializing Spring DispatcherServlet 'dispatcherServlet'
2022-05-12 07:39:52.678  INFO 1 --- [http-nio-8080-exec-1] o.s.web.servlet.DispatcherServlet        : Initializing Servlet 'dispatcherServlet'
2022-05-12 07:39:52.685  INFO 1 --- [http-nio-8080-exec-1] o.s.web.servlet.DispatcherServlet        : Completed initialization in 7 ms
2022-05-12 07:39:52.725  INFO 1 --- [http-nio-8080-exec-1] com.spring.elk.controller.LogController  : /api/log method logging
2022-05-12 07:40:02.618  INFO 1 --- [http-nio-8080-exec-4] com.spring.elk.controller.LogController  : /api/log method logging
2022-05-12 07:40:07.349  INFO 1 --- [http-nio-8080-exec-7] com.spring.elk.controller.LogController  : /api/log method logging
2022-05-12 07:40:23.032  INFO 1 --- [http-nio-8080-exec-9] com.spring.elk.controller.LogController  : /api/log method logging
2022-05-12 07:41:20.596  INFO 1 --- [http-nio-8080-exec-3] com.spring.elk.controller.LogController  : /api/log method logging
